2019-04-21 11:45:59 INFO     Dataset ImageFolder
    Number of datapoints: 36960
    Root Location: ../../datasets/type_dataset/train_vehicle_types/
    Transforms (if any): Compose(
                             RandomResizedCrop(size=(224, 224), scale=(0.08, 1.0), ratio=(0.75, 1.3333), interpolation=PIL.Image.BILINEAR)
                             RandomHorizontalFlip(p=0.5)
                             ToTensor()
                             Normalize(mean=[0.485, 0.456, 0.406], std=[0.229, 0.224, 0.225])
                         )
    Target Transforms (if any): None
2019-04-21 11:45:59 INFO     ********************
2019-04-21 11:45:59 INFO     Dataset ImageFolder
    Number of datapoints: 799
    Root Location: ../../datasets/type_dataset/test_vehicle_types/
    Transforms (if any): Compose(
                             Resize(size=256, interpolation=PIL.Image.BILINEAR)
                             CenterCrop(size=(224, 224))
                             ToTensor()
                             Normalize(mean=[0.485, 0.456, 0.406], std=[0.229, 0.224, 0.225])
                         )
    Target Transforms (if any): None
2019-04-21 11:45:59 INFO     logged
2019-04-21 11:46:01 INFO     Epoch 0/49
2019-04-21 11:46:01 INFO     ----------
2019-04-21 11:47:12 INFO     train Loss: 0.8155 Acc: 0.6377
2019-04-21 11:47:14 INFO     val Loss: 0.8004 Acc: 0.6596
2019-04-21 11:47:14 INFO     saving checkpoint as best model
2019-04-21 11:47:15 INFO     
2019-04-21 11:47:15 INFO     Epoch 1/49
2019-04-21 11:47:15 INFO     ----------
2019-04-21 11:48:26 INFO     train Loss: 0.7335 Acc: 0.6699
2019-04-21 11:48:28 INFO     val Loss: 0.7443 Acc: 0.6871
2019-04-21 11:48:28 INFO     saving checkpoint as best model
2019-04-21 11:48:29 INFO     
2019-04-21 11:48:29 INFO     Epoch 2/49
2019-04-21 11:48:29 INFO     ----------
2019-04-21 11:49:40 INFO     train Loss: 0.7156 Acc: 0.6814
2019-04-21 11:49:42 INFO     val Loss: 0.7817 Acc: 0.6571
2019-04-21 11:49:42 INFO     
2019-04-21 11:49:42 INFO     Epoch 3/49
2019-04-21 11:49:42 INFO     ----------
2019-04-21 11:50:52 INFO     train Loss: 0.7125 Acc: 0.6826
2019-04-21 11:50:54 INFO     val Loss: 0.7411 Acc: 0.6809
2019-04-21 11:50:54 INFO     
2019-04-21 11:50:54 INFO     Epoch 4/49
2019-04-21 11:50:54 INFO     ----------
2019-04-21 11:52:05 INFO     train Loss: 0.6909 Acc: 0.6922
2019-04-21 11:52:07 INFO     val Loss: 0.7298 Acc: 0.7021
2019-04-21 11:52:07 INFO     saving checkpoint as best model
2019-04-21 11:52:08 INFO     
2019-04-21 11:52:08 INFO     Epoch 5/49
2019-04-21 11:52:08 INFO     ----------
2019-04-21 11:53:19 INFO     train Loss: 0.6841 Acc: 0.6960
2019-04-21 11:53:21 INFO     val Loss: 0.7074 Acc: 0.7046
2019-04-21 11:53:21 INFO     saving checkpoint as best model
2019-04-21 11:53:22 INFO     
2019-04-21 11:53:22 INFO     Epoch 6/49
2019-04-21 11:53:22 INFO     ----------
2019-04-21 11:54:33 INFO     train Loss: 0.6735 Acc: 0.7017
2019-04-21 11:54:35 INFO     val Loss: 0.7348 Acc: 0.7034
2019-04-21 11:54:35 INFO     
2019-04-21 11:54:35 INFO     Epoch 7/49
2019-04-21 11:54:35 INFO     ----------
2019-04-21 11:55:45 INFO     train Loss: 0.6716 Acc: 0.7025
2019-04-21 11:55:47 INFO     val Loss: 0.7532 Acc: 0.6846
2019-04-21 11:55:47 INFO     
2019-04-21 11:55:47 INFO     Epoch 8/49
2019-04-21 11:55:47 INFO     ----------
2019-04-21 11:56:58 INFO     train Loss: 0.6665 Acc: 0.7038
2019-04-21 11:57:00 INFO     val Loss: 0.7503 Acc: 0.6859
2019-04-21 11:57:00 INFO     
2019-04-21 11:57:00 INFO     Epoch 9/49
2019-04-21 11:57:00 INFO     ----------
2019-04-21 11:58:11 INFO     train Loss: 0.6664 Acc: 0.7035
2019-04-21 11:58:13 INFO     val Loss: 0.7687 Acc: 0.7096
2019-04-21 11:58:13 INFO     saving checkpoint as best model
2019-04-21 11:58:14 INFO     
2019-04-21 11:58:14 INFO     Epoch 10/49
2019-04-21 11:58:14 INFO     ----------
2019-04-21 11:59:25 INFO     train Loss: 0.6370 Acc: 0.7193
2019-04-21 11:59:27 INFO     val Loss: 0.7129 Acc: 0.7046
2019-04-21 11:59:27 INFO     
2019-04-21 11:59:27 INFO     Epoch 11/49
2019-04-21 11:59:27 INFO     ----------
2019-04-21 12:00:38 INFO     train Loss: 0.6325 Acc: 0.7242
2019-04-21 12:00:40 INFO     val Loss: 0.7072 Acc: 0.7146
2019-04-21 12:00:40 INFO     saving checkpoint as best model
2019-04-21 12:00:41 INFO     
2019-04-21 12:00:41 INFO     Epoch 12/49
2019-04-21 12:00:41 INFO     ----------
2019-04-21 12:01:51 INFO     train Loss: 0.6281 Acc: 0.7273
2019-04-21 12:01:53 INFO     val Loss: 0.7082 Acc: 0.7134
2019-04-21 12:01:53 INFO     
2019-04-21 12:01:53 INFO     Epoch 13/49
2019-04-21 12:01:53 INFO     ----------
2019-04-21 12:03:04 INFO     train Loss: 0.6197 Acc: 0.7315
2019-04-21 12:03:06 INFO     val Loss: 0.7090 Acc: 0.7134
2019-04-21 12:03:06 INFO     
2019-04-21 12:03:06 INFO     Epoch 14/49
2019-04-21 12:03:06 INFO     ----------
2019-04-21 12:04:17 INFO     train Loss: 0.6282 Acc: 0.7280
2019-04-21 12:04:19 INFO     val Loss: 0.7098 Acc: 0.7134
2019-04-21 12:04:19 INFO     
2019-04-21 12:04:19 INFO     Epoch 15/49
2019-04-21 12:04:19 INFO     ----------
2019-04-21 12:05:30 INFO     train Loss: 0.6270 Acc: 0.7268
2019-04-21 12:05:32 INFO     val Loss: 0.7089 Acc: 0.7021
2019-04-21 12:05:32 INFO     
2019-04-21 12:05:32 INFO     Epoch 16/49
2019-04-21 12:05:32 INFO     ----------
2019-04-21 12:06:43 INFO     train Loss: 0.6290 Acc: 0.7265
2019-04-21 12:06:45 INFO     val Loss: 0.7039 Acc: 0.7046
2019-04-21 12:06:45 INFO     
2019-04-21 12:06:45 INFO     Epoch 17/49
2019-04-21 12:06:45 INFO     ----------
2019-04-21 12:07:56 INFO     train Loss: 0.6278 Acc: 0.7268
2019-04-21 12:07:58 INFO     val Loss: 0.7108 Acc: 0.7009
2019-04-21 12:07:58 INFO     
2019-04-21 12:07:58 INFO     Epoch 18/49
2019-04-21 12:07:58 INFO     ----------
2019-04-21 12:09:08 INFO     train Loss: 0.6272 Acc: 0.7271
2019-04-21 12:09:10 INFO     val Loss: 0.7052 Acc: 0.7084
2019-04-21 12:09:10 INFO     
2019-04-21 12:09:10 INFO     Epoch 19/49
2019-04-21 12:09:10 INFO     ----------
2019-04-21 12:10:21 INFO     train Loss: 0.6288 Acc: 0.7249
2019-04-21 12:10:23 INFO     val Loss: 0.7051 Acc: 0.7059
2019-04-21 12:10:23 INFO     
2019-04-21 12:10:23 INFO     Epoch 20/49
2019-04-21 12:10:23 INFO     ----------
2019-04-21 12:11:34 INFO     train Loss: 0.6241 Acc: 0.7304
2019-04-21 12:11:36 INFO     val Loss: 0.7050 Acc: 0.7134
2019-04-21 12:11:36 INFO     
2019-04-21 12:11:36 INFO     Epoch 21/49
2019-04-21 12:11:36 INFO     ----------
2019-04-21 12:12:47 INFO     train Loss: 0.6248 Acc: 0.7285
2019-04-21 12:12:49 INFO     val Loss: 0.7024 Acc: 0.7084
2019-04-21 12:12:49 INFO     
2019-04-21 12:12:49 INFO     Epoch 22/49
2019-04-21 12:12:49 INFO     ----------
2019-04-21 12:14:00 INFO     train Loss: 0.6261 Acc: 0.7285
2019-04-21 12:14:02 INFO     val Loss: 0.7014 Acc: 0.7146
2019-04-21 12:14:02 INFO     
2019-04-21 12:14:02 INFO     Epoch 23/49
2019-04-21 12:14:02 INFO     ----------
2019-04-21 12:15:13 INFO     train Loss: 0.6258 Acc: 0.7258
2019-04-21 12:15:15 INFO     val Loss: 0.7009 Acc: 0.7184
2019-04-21 12:15:15 INFO     saving checkpoint as best model
2019-04-21 12:15:16 INFO     
2019-04-21 12:15:16 INFO     Epoch 24/49
2019-04-21 12:15:16 INFO     ----------
2019-04-21 12:16:27 INFO     train Loss: 0.6260 Acc: 0.7321
2019-04-21 12:16:29 INFO     val Loss: 0.6992 Acc: 0.7134
2019-04-21 12:16:29 INFO     
2019-04-21 12:16:29 INFO     Epoch 25/49
2019-04-21 12:16:29 INFO     ----------
2019-04-21 12:17:40 INFO     train Loss: 0.6247 Acc: 0.7288
2019-04-21 12:17:42 INFO     val Loss: 0.7051 Acc: 0.7184
2019-04-21 12:17:42 INFO     
2019-04-21 12:17:42 INFO     Epoch 26/49
2019-04-21 12:17:42 INFO     ----------
2019-04-21 12:18:52 INFO     train Loss: 0.6219 Acc: 0.7300
2019-04-21 12:18:54 INFO     val Loss: 0.7074 Acc: 0.7046
2019-04-21 12:18:54 INFO     
2019-04-21 12:18:54 INFO     Epoch 27/49
2019-04-21 12:18:54 INFO     ----------
2019-04-21 12:20:05 INFO     train Loss: 0.6246 Acc: 0.7304
2019-04-21 12:20:07 INFO     val Loss: 0.7053 Acc: 0.7046
2019-04-21 12:20:07 INFO     
2019-04-21 12:20:07 INFO     Epoch 28/49
2019-04-21 12:20:07 INFO     ----------
2019-04-21 12:21:18 INFO     train Loss: 0.6177 Acc: 0.7308
2019-04-21 12:21:20 INFO     val Loss: 0.7016 Acc: 0.7096
2019-04-21 12:21:20 INFO     
2019-04-21 12:21:20 INFO     Epoch 29/49
2019-04-21 12:21:20 INFO     ----------
2019-04-21 12:22:31 INFO     train Loss: 0.6287 Acc: 0.7279
2019-04-21 12:22:33 INFO     val Loss: 0.7036 Acc: 0.7109
2019-04-21 12:22:33 INFO     
2019-04-21 12:22:33 INFO     Epoch 30/49
2019-04-21 12:22:33 INFO     ----------
2019-04-21 12:23:44 INFO     train Loss: 0.6193 Acc: 0.7307
2019-04-21 12:23:46 INFO     val Loss: 0.7025 Acc: 0.7146
2019-04-21 12:23:46 INFO     
2019-04-21 12:23:46 INFO     Epoch 31/49
2019-04-21 12:23:46 INFO     ----------
2019-04-21 12:24:57 INFO     train Loss: 0.6199 Acc: 0.7308
2019-04-21 12:24:59 INFO     val Loss: 0.7036 Acc: 0.7121
2019-04-21 12:24:59 INFO     
2019-04-21 12:24:59 INFO     Epoch 32/49
2019-04-21 12:24:59 INFO     ----------
2019-04-21 12:26:10 INFO     train Loss: 0.6166 Acc: 0.7331
2019-04-21 12:26:12 INFO     val Loss: 0.7007 Acc: 0.7171
2019-04-21 12:26:12 INFO     
2019-04-21 12:26:12 INFO     Epoch 33/49
2019-04-21 12:26:12 INFO     ----------
2019-04-21 12:27:23 INFO     train Loss: 0.6245 Acc: 0.7277
2019-04-21 12:27:25 INFO     val Loss: 0.7006 Acc: 0.7134
2019-04-21 12:27:25 INFO     
2019-04-21 12:27:25 INFO     Epoch 34/49
2019-04-21 12:27:25 INFO     ----------
2019-04-21 12:28:36 INFO     train Loss: 0.6181 Acc: 0.7318
2019-04-21 12:28:38 INFO     val Loss: 0.6996 Acc: 0.7171
2019-04-21 12:28:38 INFO     
2019-04-21 12:28:38 INFO     Epoch 35/49
2019-04-21 12:28:38 INFO     ----------
2019-04-21 12:29:49 INFO     train Loss: 0.6258 Acc: 0.7254
2019-04-21 12:29:51 INFO     val Loss: 0.7016 Acc: 0.7071
2019-04-21 12:29:51 INFO     
2019-04-21 12:29:51 INFO     Epoch 36/49
2019-04-21 12:29:51 INFO     ----------
2019-04-21 12:31:01 INFO     train Loss: 0.6209 Acc: 0.7317
2019-04-21 12:31:03 INFO     val Loss: 0.7076 Acc: 0.7121
2019-04-21 12:31:03 INFO     
2019-04-21 12:31:03 INFO     Epoch 37/49
2019-04-21 12:31:03 INFO     ----------
2019-04-21 12:32:14 INFO     train Loss: 0.6223 Acc: 0.7293
2019-04-21 12:32:16 INFO     val Loss: 0.7003 Acc: 0.7146
2019-04-21 12:32:16 INFO     
2019-04-21 12:32:16 INFO     Epoch 38/49
2019-04-21 12:32:16 INFO     ----------
2019-04-21 12:33:27 INFO     train Loss: 0.6218 Acc: 0.7315
2019-04-21 12:33:29 INFO     val Loss: 0.7019 Acc: 0.7159
2019-04-21 12:33:29 INFO     
2019-04-21 12:33:29 INFO     Epoch 39/49
2019-04-21 12:33:29 INFO     ----------
2019-04-21 12:34:40 INFO     train Loss: 0.6281 Acc: 0.7273
2019-04-21 12:34:42 INFO     val Loss: 0.7027 Acc: 0.7109
2019-04-21 12:34:42 INFO     
2019-04-21 12:34:42 INFO     Epoch 40/49
2019-04-21 12:34:42 INFO     ----------
2019-04-21 12:35:53 INFO     train Loss: 0.6246 Acc: 0.7298
2019-04-21 12:35:55 INFO     val Loss: 0.7042 Acc: 0.7209
2019-04-21 12:35:55 INFO     saving checkpoint as best model
2019-04-21 12:35:56 INFO     
2019-04-21 12:35:56 INFO     Epoch 41/49
2019-04-21 12:35:56 INFO     ----------
2019-04-21 12:37:07 INFO     train Loss: 0.6234 Acc: 0.7309
2019-04-21 12:37:09 INFO     val Loss: 0.7047 Acc: 0.7171
2019-04-21 12:37:09 INFO     
2019-04-21 12:37:09 INFO     Epoch 42/49
2019-04-21 12:37:09 INFO     ----------
2019-04-21 12:38:20 INFO     train Loss: 0.6235 Acc: 0.7294
2019-04-21 12:38:22 INFO     val Loss: 0.7055 Acc: 0.6984
2019-04-21 12:38:22 INFO     
2019-04-21 12:38:22 INFO     Epoch 43/49
2019-04-21 12:38:22 INFO     ----------
2019-04-21 12:39:33 INFO     train Loss: 0.6246 Acc: 0.7275
2019-04-21 12:39:35 INFO     val Loss: 0.7062 Acc: 0.7247
2019-04-21 12:39:35 INFO     saving checkpoint as best model
2019-04-21 12:39:36 INFO     
2019-04-21 12:39:36 INFO     Epoch 44/49
2019-04-21 12:39:36 INFO     ----------
2019-04-21 12:40:47 INFO     train Loss: 0.6236 Acc: 0.7305
2019-04-21 12:40:49 INFO     val Loss: 0.6990 Acc: 0.7084
2019-04-21 12:40:49 INFO     
2019-04-21 12:40:49 INFO     Epoch 45/49
2019-04-21 12:40:49 INFO     ----------
2019-04-21 12:42:00 INFO     train Loss: 0.6165 Acc: 0.7332
2019-04-21 12:42:02 INFO     val Loss: 0.7031 Acc: 0.7034
2019-04-21 12:42:02 INFO     
2019-04-21 12:42:02 INFO     Epoch 46/49
2019-04-21 12:42:02 INFO     ----------
2019-04-21 12:43:12 INFO     train Loss: 0.6218 Acc: 0.7322
2019-04-21 12:43:14 INFO     val Loss: 0.7041 Acc: 0.7109
2019-04-21 12:43:14 INFO     
2019-04-21 12:43:14 INFO     Epoch 47/49
2019-04-21 12:43:14 INFO     ----------
2019-04-21 12:44:25 INFO     train Loss: 0.6201 Acc: 0.7330
2019-04-21 12:44:27 INFO     val Loss: 0.6977 Acc: 0.7109
2019-04-21 12:44:27 INFO     
2019-04-21 12:44:27 INFO     Epoch 48/49
2019-04-21 12:44:27 INFO     ----------
2019-04-21 12:45:38 INFO     train Loss: 0.6237 Acc: 0.7285
2019-04-21 12:45:40 INFO     val Loss: 0.6981 Acc: 0.7184
2019-04-21 12:45:40 INFO     
2019-04-21 12:45:40 INFO     Epoch 49/49
2019-04-21 12:45:40 INFO     ----------
2019-04-21 12:46:51 INFO     train Loss: 0.6182 Acc: 0.7311
2019-04-21 12:46:53 INFO     val Loss: 0.7059 Acc: 0.7096
2019-04-21 12:46:53 INFO     
2019-04-21 12:46:53 INFO     Training complete in 60m 52s
2019-04-21 12:46:53 INFO     Best val Acc: 0.724656
2019-04-21 13:48:22 ERROR    Invalid alias: The name clear can't be aliased because it is another magic command.
2019-04-21 13:48:22 ERROR    Invalid alias: The name more can't be aliased because it is another magic command.
2019-04-21 13:48:22 ERROR    Invalid alias: The name less can't be aliased because it is another magic command.
2019-04-21 13:48:22 ERROR    Invalid alias: The name man can't be aliased because it is another magic command.
